{"level":"info","message":"[server] server started","timestamp":"2016-06-25T19:07:36.859Z"}
{"level":"info","message":"[server] Started development server...","timestamp":"2016-06-25T19:07:36.861Z"}
{"level":"info","message":"[server] Listening at http://0.0.0.0:8080","timestamp":"2016-06-25T19:07:36.861Z"}
{"level":"info","message":"[utils] Checking DB connection (DynamoDB)","timestamp":"2016-06-25T19:07:36.861Z"}
{"level":"info","message":"[db] fetching tables list","timestamp":"2016-06-25T19:07:36.861Z"}
{"level":"info","message":"[server] server started","timestamp":"2016-06-25T19:49:49.725Z"}
{"level":"info","message":"[server] Started development server...","timestamp":"2016-06-25T19:49:49.727Z"}
{"level":"info","message":"[server] Listening at http://0.0.0.0:8080","timestamp":"2016-06-25T19:49:49.727Z"}
{"level":"info","message":"[utils] Checking DB connection (DynamoDB)","timestamp":"2016-06-25T19:49:49.727Z"}
{"level":"info","message":"[db] fetching tables list","timestamp":"2016-06-25T19:49:49.728Z"}
{"level":"info","message":"[utils] Successfully connected to DB. There are total of 1 tables","timestamp":"2016-06-25T19:49:50.498Z"}
{"level":"info","message":"Cleaning dist folder","timestamp":"2016-06-25T19:56:33.047Z"}
{"level":"info","message":"Build Started","timestamp":"2016-06-25T19:56:35.040Z"}
{"level":"info","message":"Cleaning dist folder","timestamp":"2016-06-25T19:56:35.048Z"}
{"level":"info","message":"Preparing to Publish!!","timestamp":"2016-06-25T19:56:35.124Z"}
{"level":"info","message":"Done::::","timestamp":"2016-06-25T19:56:35.151Z"}
{"level":"info","message":"Cleaning dist folder","timestamp":"2016-06-25T19:58:42.724Z"}
{"level":"info","message":"Build Started","timestamp":"2016-06-25T19:58:45.644Z"}
{"level":"info","message":"Cleaning dist folder","timestamp":"2016-06-25T19:58:45.653Z"}
{"level":"info","message":"Preparing to Publish!!","timestamp":"2016-06-25T19:58:45.719Z"}
{"level":"info","message":"Done::::","timestamp":"2016-06-25T19:58:45.739Z"}
{"level":"info","message":"[server] server started","timestamp":"2016-06-26T00:37:24.231Z"}
{"level":"info","message":"[server] Started development server...","timestamp":"2016-06-26T00:37:24.234Z"}
{"level":"info","message":"[server] Listening at http://0.0.0.0:8080","timestamp":"2016-06-26T00:37:24.234Z"}
{"level":"info","message":"[utils] Checking DB connection (DynamoDB)","timestamp":"2016-06-26T00:37:24.235Z"}
{"level":"info","message":"[db] fetching tables list","timestamp":"2016-06-26T00:37:24.235Z"}
{"level":"info","message":"[utils] Successfully connected to DB. There are total of 2 tables","timestamp":"2016-06-26T00:37:24.797Z"}
{"level":"info","message":"[server] server started","timestamp":"2016-06-26T00:46:14.029Z"}
{"level":"info","message":"[server] Started development server...","timestamp":"2016-06-26T00:46:14.031Z"}
{"level":"info","message":"[server] Listening at http://0.0.0.0:8080","timestamp":"2016-06-26T00:46:14.031Z"}
{"level":"info","message":"[utils] Checking DB connection (DynamoDB)","timestamp":"2016-06-26T00:46:14.031Z"}
{"level":"info","message":"[db] fetching tables list","timestamp":"2016-06-26T00:46:14.032Z"}
{"level":"info","message":"[utils] Successfully connected to DB. There are total of 2 tables","timestamp":"2016-06-26T00:46:14.851Z"}
{"level":"info","message":"api endpoint called: /api/v1/rules","timestamp":"2016-06-26T00:47:18.341Z"}
{"level":"error","message":"ResourceNotFoundException","timestamp":"2016-06-26T00:47:18.841Z"}
{"level":"error","message":" Dynamodb scan Error","timestamp":"2016-06-26T00:47:18.841Z"}
{"level":"info","message":"[utils] Generating error json for DynamoDBErrorResourceNotFoundExceptionRequested resource not found","timestamp":"2016-06-26T00:47:18.841Z"}
{"level":"error","message":"ResourceNotFoundException","timestamp":"2016-06-26T00:47:18.842Z"}
{"level":"error","message":"{\"name\":\"DynamoDBError\",\"statusCode\":\"ResourceNotFoundException\",\"message\":\"Requested resource not found\"}","timestamp":"2016-06-26T00:47:18.842Z"}
{"level":"info","message":"[utils] Generating error json for DynamoDBErrorResourceNotFoundExceptionRequested resource not found","timestamp":"2016-06-26T00:47:18.842Z"}
{"level":"info","message":"api endpoint called: /api/v1/providers","timestamp":"2016-06-26T00:47:24.812Z"}
{"level":"info","message":"[server] server started","timestamp":"2016-06-26T00:49:47.336Z"}
{"level":"info","message":"[server] Started development server...","timestamp":"2016-06-26T00:49:47.338Z"}
{"level":"info","message":"[server] Listening at http://0.0.0.0:8080","timestamp":"2016-06-26T00:49:47.338Z"}
{"level":"info","message":"[utils] Checking DB connection (DynamoDB)","timestamp":"2016-06-26T00:49:47.338Z"}
{"level":"info","message":"[db] fetching tables list","timestamp":"2016-06-26T00:49:47.338Z"}
{"level":"info","message":"[utils] Successfully connected to DB. There are total of 2 tables","timestamp":"2016-06-26T00:49:47.880Z"}
{"level":"info","message":"api endpoint called: /api/v1/providers","timestamp":"2016-06-26T00:49:54.022Z"}
{"level":"info","message":"[server] server started","timestamp":"2016-06-26T00:51:58.564Z"}
{"level":"info","message":"[server] Started development server...","timestamp":"2016-06-26T00:51:58.566Z"}
{"level":"info","message":"[server] Listening at http://0.0.0.0:8080","timestamp":"2016-06-26T00:51:58.566Z"}
{"level":"info","message":"[utils] Checking DB connection (DynamoDB)","timestamp":"2016-06-26T00:51:58.566Z"}
{"level":"info","message":"[db] fetching tables list","timestamp":"2016-06-26T00:51:58.566Z"}
{"level":"info","message":"[utils] Successfully connected to DB. There are total of 2 tables","timestamp":"2016-06-26T00:51:59.098Z"}
{"level":"info","message":"api endpoint called: /api/v1/providers","timestamp":"2016-06-26T00:52:03.549Z"}
{"level":"info","message":"[server] server started","timestamp":"2016-06-26T00:52:35.233Z"}
{"level":"info","message":"[server] Started development server...","timestamp":"2016-06-26T00:52:35.235Z"}
{"level":"info","message":"[server] Listening at http://0.0.0.0:8080","timestamp":"2016-06-26T00:52:35.235Z"}
{"level":"info","message":"[utils] Checking DB connection (DynamoDB)","timestamp":"2016-06-26T00:52:35.235Z"}
{"level":"info","message":"[db] fetching tables list","timestamp":"2016-06-26T00:52:35.235Z"}
{"level":"info","message":"[utils] Successfully connected to DB. There are total of 2 tables","timestamp":"2016-06-26T00:52:35.681Z"}
{"level":"info","message":"api endpoint called: /api/v1/providers","timestamp":"2016-06-26T00:52:40.301Z"}
{"level":"info","message":"[server] server started","timestamp":"2016-06-26T00:54:43.761Z"}
{"level":"info","message":"[server] Started development server...","timestamp":"2016-06-26T00:54:43.762Z"}
{"level":"info","message":"[server] Listening at http://0.0.0.0:8080","timestamp":"2016-06-26T00:54:43.763Z"}
{"level":"info","message":"[utils] Checking DB connection (DynamoDB)","timestamp":"2016-06-26T00:54:43.763Z"}
{"level":"info","message":"[db] fetching tables list","timestamp":"2016-06-26T00:54:43.763Z"}
{"level":"info","message":"[utils] Successfully connected to DB. There are total of 2 tables","timestamp":"2016-06-26T00:54:44.319Z"}
{"level":"info","message":"api endpoint called: /api/v1/providers","timestamp":"2016-06-26T00:54:47.466Z"}
{"level":"info","message":"[server] server started","timestamp":"2016-06-26T01:02:48.651Z"}
{"level":"info","message":"[server] Started development server...","timestamp":"2016-06-26T01:02:48.653Z"}
{"level":"info","message":"[server] Listening at http://0.0.0.0:8080","timestamp":"2016-06-26T01:02:48.653Z"}
{"level":"info","message":"[utils] Checking DB connection (DynamoDB)","timestamp":"2016-06-26T01:02:48.653Z"}
{"level":"info","message":"[db] fetching tables list","timestamp":"2016-06-26T01:02:48.653Z"}
{"level":"info","message":"[utils] Successfully connected to DB. There are total of 2 tables","timestamp":"2016-06-26T01:02:49.217Z"}
{"level":"info","message":"api endpoint called: /api/v1/providers","timestamp":"2016-06-26T01:02:55.638Z"}
{"level":"info","message":"[server] server started","timestamp":"2016-06-26T01:05:56.593Z"}
{"level":"info","message":"[server] Started development server...","timestamp":"2016-06-26T01:05:56.594Z"}
{"level":"info","message":"[server] Listening at http://0.0.0.0:8080","timestamp":"2016-06-26T01:05:56.595Z"}
{"level":"info","message":"[utils] Checking DB connection (DynamoDB)","timestamp":"2016-06-26T01:05:56.595Z"}
{"level":"info","message":"[db] fetching tables list","timestamp":"2016-06-26T01:05:56.595Z"}
{"level":"info","message":"[utils] Successfully connected to DB. There are total of 2 tables","timestamp":"2016-06-26T01:05:59.112Z"}
{"level":"info","message":"api endpoint called: /api/v1/providers","timestamp":"2016-06-26T01:06:01.495Z"}
{"level":"info","message":"[server] server started","timestamp":"2016-06-26T01:10:26.606Z"}
{"level":"info","message":"[server] Started development server...","timestamp":"2016-06-26T01:10:26.608Z"}
{"level":"info","message":"[server] Listening at http://0.0.0.0:8080","timestamp":"2016-06-26T01:10:26.608Z"}
{"level":"info","message":"[utils] Checking DB connection (DynamoDB)","timestamp":"2016-06-26T01:10:26.608Z"}
{"level":"info","message":"[db] fetching tables list","timestamp":"2016-06-26T01:10:26.608Z"}
{"level":"info","message":"[utils] Successfully connected to DB. There are total of 2 tables","timestamp":"2016-06-26T01:10:27.162Z"}
{"level":"info","message":"api endpoint called: /api/v1/providers","timestamp":"2016-06-26T01:10:32.022Z"}
{"level":"info","message":"[server] server started","timestamp":"2016-06-26T01:12:56.784Z"}
{"level":"info","message":"[server] Started development server...","timestamp":"2016-06-26T01:12:56.786Z"}
{"level":"info","message":"[server] Listening at http://0.0.0.0:8080","timestamp":"2016-06-26T01:12:56.786Z"}
{"level":"info","message":"[utils] Checking DB connection (DynamoDB)","timestamp":"2016-06-26T01:12:56.786Z"}
{"level":"info","message":"[db] fetching tables list","timestamp":"2016-06-26T01:12:56.787Z"}
{"level":"info","message":"[utils] Successfully connected to DB. There are total of 2 tables","timestamp":"2016-06-26T01:12:57.298Z"}
{"level":"info","message":"api endpoint called: /api/v1/providers","timestamp":"2016-06-26T01:13:02.633Z"}
{"level":"info","message":"[server] server started","timestamp":"2016-06-26T01:16:28.201Z"}
{"level":"info","message":"[server] Started development server...","timestamp":"2016-06-26T01:16:28.202Z"}
{"level":"info","message":"[server] Listening at http://0.0.0.0:8080","timestamp":"2016-06-26T01:16:28.203Z"}
{"level":"info","message":"[utils] Checking DB connection (DynamoDB)","timestamp":"2016-06-26T01:16:28.203Z"}
{"level":"info","message":"[db] fetching tables list","timestamp":"2016-06-26T01:16:28.203Z"}
{"level":"info","message":"[utils] Successfully connected to DB. There are total of 2 tables","timestamp":"2016-06-26T01:16:28.899Z"}
{"level":"info","message":"api endpoint called: /api/v1/providers","timestamp":"2016-06-26T01:16:32.604Z"}
{"level":"info","message":"[server] server started","timestamp":"2016-06-26T01:17:19.703Z"}
{"level":"info","message":"[server] Started development server...","timestamp":"2016-06-26T01:17:19.704Z"}
{"level":"info","message":"[server] Listening at http://0.0.0.0:8080","timestamp":"2016-06-26T01:17:19.705Z"}
{"level":"info","message":"[utils] Checking DB connection (DynamoDB)","timestamp":"2016-06-26T01:17:19.705Z"}
{"level":"info","message":"[db] fetching tables list","timestamp":"2016-06-26T01:17:19.705Z"}
{"level":"info","message":"[utils] Successfully connected to DB. There are total of 2 tables","timestamp":"2016-06-26T01:17:20.190Z"}
{"level":"info","message":"api endpoint called: /api/v1/rules","timestamp":"2016-06-26T01:17:22.324Z"}
{"level":"error","message":"ResourceNotFoundException","timestamp":"2016-06-26T01:17:22.636Z"}
{"level":"error","message":" Dynamodb scan Error","timestamp":"2016-06-26T01:17:22.636Z"}
{"level":"info","message":"[utils] Generating error json for DynamoDBErrorResourceNotFoundExceptionRequested resource not found","timestamp":"2016-06-26T01:17:22.637Z"}
{"level":"error","message":"ResourceNotFoundException","timestamp":"2016-06-26T01:17:22.637Z"}
{"level":"error","message":"{\"name\":\"DynamoDBError\",\"statusCode\":\"ResourceNotFoundException\",\"message\":\"Requested resource not found\"}","timestamp":"2016-06-26T01:17:22.637Z"}
{"level":"info","message":"[utils] Generating error json for DynamoDBErrorResourceNotFoundExceptionRequested resource not found","timestamp":"2016-06-26T01:17:22.637Z"}
{"level":"info","message":"[server] server started","timestamp":"2016-06-26T02:09:36.510Z"}
{"level":"info","message":"[server] Started development server...","timestamp":"2016-06-26T02:09:36.512Z"}
{"level":"info","message":"[server] Listening at http://0.0.0.0:8080","timestamp":"2016-06-26T02:09:36.513Z"}
{"level":"info","message":"[utils] Checking DB connection (DynamoDB)","timestamp":"2016-06-26T02:09:36.513Z"}
{"level":"info","message":"[db] fetching tables list","timestamp":"2016-06-26T02:09:36.513Z"}
{"level":"info","message":"[utils] Successfully connected to DB. There are total of 2 tables","timestamp":"2016-06-26T02:09:37.079Z"}
{"level":"info","message":"api endpoint called: /api/v1/getNutrition/lays","timestamp":"2016-06-26T02:10:04.705Z"}
{"level":"info","message":"api endpoint called: /api/v1/getNutrition?foodItem=lays","timestamp":"2016-06-26T02:10:48.302Z"}
{"level":"info","message":"[server] server started","timestamp":"2016-06-26T02:11:49.863Z"}
{"level":"info","message":"[server] Started development server...","timestamp":"2016-06-26T02:11:49.866Z"}
{"level":"info","message":"[server] Listening at http://0.0.0.0:8080","timestamp":"2016-06-26T02:11:49.867Z"}
{"level":"info","message":"[utils] Checking DB connection (DynamoDB)","timestamp":"2016-06-26T02:11:49.867Z"}
{"level":"info","message":"[db] fetching tables list","timestamp":"2016-06-26T02:11:49.867Z"}
{"level":"info","message":"[utils] Successfully connected to DB. There are total of 2 tables","timestamp":"2016-06-26T02:11:50.367Z"}
{"level":"info","message":"api endpoint called: /api/v1/getNutrition?foodItem=lays","timestamp":"2016-06-26T02:11:56.679Z"}
{"level":"info","message":"[server] server started","timestamp":"2016-06-26T02:12:55.841Z"}
{"level":"info","message":"[server] Started development server...","timestamp":"2016-06-26T02:12:55.843Z"}
{"level":"info","message":"[server] Listening at http://0.0.0.0:8080","timestamp":"2016-06-26T02:12:55.843Z"}
{"level":"info","message":"[utils] Checking DB connection (DynamoDB)","timestamp":"2016-06-26T02:12:55.843Z"}
{"level":"info","message":"[db] fetching tables list","timestamp":"2016-06-26T02:12:55.843Z"}
{"level":"info","message":"[utils] Successfully connected to DB. There are total of 2 tables","timestamp":"2016-06-26T02:12:56.366Z"}
{"level":"info","message":"api endpoint called: /api/v1/getNutrition?foodItem=lays","timestamp":"2016-06-26T02:12:59.392Z"}
{"level":"info","message":"[server] server started","timestamp":"2016-06-26T02:14:59.532Z"}
{"level":"info","message":"[server] Started development server...","timestamp":"2016-06-26T02:14:59.534Z"}
{"level":"info","message":"[server] Listening at http://0.0.0.0:8080","timestamp":"2016-06-26T02:14:59.534Z"}
{"level":"info","message":"[utils] Checking DB connection (DynamoDB)","timestamp":"2016-06-26T02:14:59.535Z"}
{"level":"info","message":"[db] fetching tables list","timestamp":"2016-06-26T02:14:59.535Z"}
{"level":"info","message":"[utils] Successfully connected to DB. There are total of 2 tables","timestamp":"2016-06-26T02:15:00.195Z"}
{"level":"info","message":"api endpoint called: /api/v1/getNutrition?foodItem=lays","timestamp":"2016-06-26T02:15:03.215Z"}
{"level":"info","message":"[server] server started","timestamp":"2016-06-26T02:15:39.051Z"}
{"level":"info","message":"[server] Started development server...","timestamp":"2016-06-26T02:15:39.052Z"}
{"level":"info","message":"[server] Listening at http://0.0.0.0:8080","timestamp":"2016-06-26T02:15:39.053Z"}
{"level":"info","message":"[utils] Checking DB connection (DynamoDB)","timestamp":"2016-06-26T02:15:39.053Z"}
{"level":"info","message":"[db] fetching tables list","timestamp":"2016-06-26T02:15:39.053Z"}
{"level":"info","message":"[utils] Successfully connected to DB. There are total of 2 tables","timestamp":"2016-06-26T02:15:39.510Z"}
{"level":"info","message":"api endpoint called: /api/v1/getNutrition?foodItem=lays","timestamp":"2016-06-26T02:15:42.618Z"}
{"level":"info","message":"[server] server started","timestamp":"2016-06-26T02:15:58.716Z"}
{"level":"info","message":"[server] Started development server...","timestamp":"2016-06-26T02:15:58.718Z"}
{"level":"info","message":"[server] Listening at http://0.0.0.0:8080","timestamp":"2016-06-26T02:15:58.718Z"}
{"level":"info","message":"[utils] Checking DB connection (DynamoDB)","timestamp":"2016-06-26T02:15:58.718Z"}
{"level":"info","message":"[db] fetching tables list","timestamp":"2016-06-26T02:15:58.719Z"}
{"level":"info","message":"[utils] Successfully connected to DB. There are total of 2 tables","timestamp":"2016-06-26T02:15:59.193Z"}
{"level":"info","message":"api endpoint called: /api/v1/getNutrition?foodItem=lays","timestamp":"2016-06-26T02:16:01.312Z"}
{"level":"info","message":"api endpoint called: /api/v1/getNutrition?foodItem=lays","timestamp":"2016-06-26T02:18:01.327Z"}
{"level":"info","message":"api endpoint called: /api/v1/getNutrition?foodItem=lays","timestamp":"2016-06-26T02:18:39.576Z"}
{"level":"info","message":"[server] server started","timestamp":"2016-06-26T02:19:19.944Z"}
{"level":"info","message":"[server] Started development server...","timestamp":"2016-06-26T02:19:19.945Z"}
{"level":"info","message":"[server] Listening at http://0.0.0.0:8080","timestamp":"2016-06-26T02:19:19.946Z"}
{"level":"info","message":"[utils] Checking DB connection (DynamoDB)","timestamp":"2016-06-26T02:19:19.946Z"}
{"level":"info","message":"[db] fetching tables list","timestamp":"2016-06-26T02:19:19.946Z"}
{"level":"info","message":"api endpoint called: /api/v1/getNutrition?foodItem=lays","timestamp":"2016-06-26T02:19:20.078Z"}
{"level":"info","message":"[utils] Successfully connected to DB. There are total of 2 tables","timestamp":"2016-06-26T02:19:20.457Z"}
{"level":"info","message":"api endpoint called: /api/v1/getNutrition?foodItem=lays","timestamp":"2016-06-26T02:19:34.832Z"}
{"level":"info","message":"[server] server started","timestamp":"2016-06-26T02:20:03.813Z"}
{"level":"info","message":"[server] Started development server...","timestamp":"2016-06-26T02:20:03.814Z"}
{"level":"info","message":"[server] Listening at http://0.0.0.0:8080","timestamp":"2016-06-26T02:20:03.814Z"}
{"level":"info","message":"[utils] Checking DB connection (DynamoDB)","timestamp":"2016-06-26T02:20:03.815Z"}
{"level":"info","message":"[db] fetching tables list","timestamp":"2016-06-26T02:20:03.815Z"}
{"level":"info","message":"[utils] Successfully connected to DB. There are total of 2 tables","timestamp":"2016-06-26T02:20:04.302Z"}
{"level":"info","message":"api endpoint called: /api/v1/getNutrition?foodItem=lays","timestamp":"2016-06-26T02:20:06.367Z"}
{"level":"info","message":"api endpoint called: /api/v1/getNutrition?foodItem=lays","timestamp":"2016-06-26T02:20:08.699Z"}
{"level":"info","message":"api endpoint called: /api/v1/getNutrition?foodItem=rice","timestamp":"2016-06-26T02:21:29.057Z"}
{"level":"info","message":"api endpoint called: /api/v1/getNutrition?foodItem=lays","timestamp":"2016-06-26T02:21:31.703Z"}
{"level":"info","message":"api endpoint called: /api/v1/getNutrition?foodItem=rice","timestamp":"2016-06-26T02:22:03.927Z"}
{"level":"info","message":"api endpoint called: /api/v1/providers","timestamp":"2016-06-26T02:22:31.149Z"}
{"level":"info","message":"api endpoint called: /api/v1/getNutrition?foodItem=rice","timestamp":"2016-06-26T02:22:43.737Z"}
{"level":"info","message":"api endpoint called: /api/v1/getNutrition?foodItem=rice","timestamp":"2016-06-26T02:24:43.747Z"}
{"level":"info","message":"[server] server started","timestamp":"2016-06-26T02:52:01.798Z"}
{"level":"info","message":"[server] Started development server...","timestamp":"2016-06-26T02:52:01.799Z"}
{"level":"info","message":"[server] Listening at http://0.0.0.0:8080","timestamp":"2016-06-26T02:52:01.799Z"}
{"level":"info","message":"[utils] Checking DB connection (DynamoDB)","timestamp":"2016-06-26T02:52:01.800Z"}
{"level":"info","message":"[db] fetching tables list","timestamp":"2016-06-26T02:52:01.800Z"}
{"level":"info","message":"[utils] Successfully connected to DB. There are total of 2 tables","timestamp":"2016-06-26T02:52:02.312Z"}
{"level":"info","message":"api endpoint called: /api/v1/getNutrition?foodItem=lays","timestamp":"2016-06-26T02:52:20.008Z"}
{"level":"info","message":"[server] server started","timestamp":"2016-06-26T03:13:19.087Z"}
{"level":"info","message":"[server] Started development server...","timestamp":"2016-06-26T03:13:19.089Z"}
{"level":"info","message":"[server] Listening at http://0.0.0.0:8080","timestamp":"2016-06-26T03:13:19.089Z"}
{"level":"info","message":"[utils] Checking DB connection (DynamoDB)","timestamp":"2016-06-26T03:13:19.089Z"}
{"level":"info","message":"[db] fetching tables list","timestamp":"2016-06-26T03:13:19.089Z"}
{"level":"info","message":"[utils] Successfully connected to DB. There are total of 2 tables","timestamp":"2016-06-26T03:13:19.616Z"}
{"level":"info","message":"api endpoint called: /api/v1/getNutrition?foodItem=Coca-Cola","timestamp":"2016-06-26T03:13:45.965Z"}
{"level":"info","message":"[server] server started","timestamp":"2016-06-26T03:34:57.630Z"}
{"level":"info","message":"[server] Started development server...","timestamp":"2016-06-26T03:34:57.632Z"}
{"level":"info","message":"[server] Listening at http://0.0.0.0:8080","timestamp":"2016-06-26T03:34:57.632Z"}
{"level":"info","message":"[utils] Checking DB connection (DynamoDB)","timestamp":"2016-06-26T03:34:57.632Z"}
{"level":"info","message":"[db] fetching tables list","timestamp":"2016-06-26T03:34:57.632Z"}
{"level":"info","message":"[utils] Successfully connected to DB. There are total of 2 tables","timestamp":"2016-06-26T03:34:59.132Z"}
{"level":"info","message":"api endpoint called: /api/v1/striivKinesis","timestamp":"2016-06-26T03:35:19.802Z"}
{"level":"info","message":"[utils] Generating error json for undefined204No Data is available for given query","timestamp":"2016-06-26T03:35:20.276Z"}
{"level":"info","message":"api endpoint called: /api/v1/striivKinesis","timestamp":"2016-06-26T03:36:40.486Z"}
{"level":"info","message":"[utils] Generating error json for undefined204No Data is available for given query","timestamp":"2016-06-26T03:36:40.487Z"}
{"level":"info","message":"[server] server started","timestamp":"2016-06-26T03:39:59.565Z"}
{"level":"info","message":"[server] Started development server...","timestamp":"2016-06-26T03:39:59.566Z"}
{"level":"info","message":"[server] Listening at http://0.0.0.0:8080","timestamp":"2016-06-26T03:39:59.566Z"}
{"level":"info","message":"[utils] Checking DB connection (DynamoDB)","timestamp":"2016-06-26T03:39:59.567Z"}
{"level":"info","message":"[db] fetching tables list","timestamp":"2016-06-26T03:39:59.567Z"}
{"level":"info","message":"[utils] Successfully connected to DB. There are total of 2 tables","timestamp":"2016-06-26T03:40:00.213Z"}
{"level":"info","message":"api endpoint called: /api/v1/striivKinesis","timestamp":"2016-06-26T03:40:06.050Z"}
{"level":"info","message":"[utils] Generating error json for undefined204No Data is available for given query","timestamp":"2016-06-26T03:40:06.513Z"}
{"level":"info","message":"[server] server started","timestamp":"2016-06-26T03:42:00.729Z"}
{"level":"info","message":"[server] Started development server...","timestamp":"2016-06-26T03:42:00.731Z"}
{"level":"info","message":"[server] Listening at http://0.0.0.0:8080","timestamp":"2016-06-26T03:42:00.731Z"}
{"level":"info","message":"[utils] Checking DB connection (DynamoDB)","timestamp":"2016-06-26T03:42:00.731Z"}
{"level":"info","message":"[db] fetching tables list","timestamp":"2016-06-26T03:42:00.731Z"}
{"level":"info","message":"[utils] Successfully connected to DB. There are total of 2 tables","timestamp":"2016-06-26T03:42:02.499Z"}
{"level":"info","message":"api endpoint called: /api/v1/striivKinesis","timestamp":"2016-06-26T03:42:08.247Z"}
{"level":"info","message":"[utils] Generating error json for undefined204No Data is available for given query","timestamp":"2016-06-26T03:42:09.482Z"}
{"level":"info","message":"[server] server started","timestamp":"2016-06-26T03:46:55.452Z"}
{"level":"info","message":"[server] Started development server...","timestamp":"2016-06-26T03:46:55.454Z"}
{"level":"info","message":"[server] Listening at http://0.0.0.0:8080","timestamp":"2016-06-26T03:46:55.454Z"}
{"level":"info","message":"[utils] Checking DB connection (DynamoDB)","timestamp":"2016-06-26T03:46:55.454Z"}
{"level":"info","message":"[db] fetching tables list","timestamp":"2016-06-26T03:46:55.454Z"}
{"level":"info","message":"[utils] Successfully connected to DB. There are total of 2 tables","timestamp":"2016-06-26T03:46:55.962Z"}
{"level":"info","message":"api endpoint called: /api/v1/striivKinesis","timestamp":"2016-06-26T03:46:59.653Z"}
{"level":"info","message":"[server] server started","timestamp":"2016-06-26T04:02:13.763Z"}
{"level":"info","message":"[server] Started development server...","timestamp":"2016-06-26T04:02:13.765Z"}
{"level":"info","message":"[server] Listening at http://0.0.0.0:8080","timestamp":"2016-06-26T04:02:13.765Z"}
{"level":"info","message":"[utils] Checking DB connection (DynamoDB)","timestamp":"2016-06-26T04:02:13.765Z"}
{"level":"info","message":"[db] fetching tables list","timestamp":"2016-06-26T04:02:13.765Z"}
{"level":"info","message":"[utils] Successfully connected to DB. There are total of 2 tables","timestamp":"2016-06-26T04:02:14.486Z"}
{"level":"info","message":"api endpoint called: /api/v1/striivKinesis","timestamp":"2016-06-26T04:02:18.336Z"}
{"level":"info","message":"[server] server started","timestamp":"2016-06-26T04:05:52.864Z"}
{"level":"info","message":"[server] Started development server...","timestamp":"2016-06-26T04:05:52.866Z"}
{"level":"info","message":"[server] Listening at http://0.0.0.0:8080","timestamp":"2016-06-26T04:05:52.866Z"}
{"level":"info","message":"[utils] Checking DB connection (DynamoDB)","timestamp":"2016-06-26T04:05:52.866Z"}
{"level":"info","message":"[db] fetching tables list","timestamp":"2016-06-26T04:05:52.866Z"}
{"level":"info","message":"[utils] Successfully connected to DB. There are total of 2 tables","timestamp":"2016-06-26T04:05:53.979Z"}
{"level":"info","message":"api endpoint called: /api/v1/striivKinesis","timestamp":"2016-06-26T04:05:57.392Z"}
{"level":"info","message":"api endpoint called: /api/v1/getNutrition?foodItem=soft%20drink","timestamp":"2016-06-26T04:09:11.230Z"}
{"level":"info","message":"Cleaning dist folder","timestamp":"2016-06-26T05:55:32.662Z"}
{"level":"info","message":"Build Started","timestamp":"2016-06-26T05:55:40.998Z"}
{"level":"info","message":"Cleaning dist folder","timestamp":"2016-06-26T05:55:41.010Z"}
{"level":"info","message":"Preparing to Publish!!","timestamp":"2016-06-26T05:55:41.099Z"}
{"level":"info","message":"Done::::","timestamp":"2016-06-26T05:55:41.125Z"}
{"level":"info","message":"[server] server started","timestamp":"2016-06-26T06:23:10.283Z"}
{"level":"info","message":"[server] Started development server...","timestamp":"2016-06-26T06:23:10.284Z"}
{"level":"info","message":"[server] Listening at http://0.0.0.0:8080","timestamp":"2016-06-26T06:23:10.285Z"}
{"level":"info","message":"[utils] Checking DB connection (DynamoDB)","timestamp":"2016-06-26T06:23:10.285Z"}
{"level":"info","message":"[db] fetching tables list","timestamp":"2016-06-26T06:23:10.285Z"}
{"level":"info","message":"[utils] Successfully connected to DB. There are total of 2 tables","timestamp":"2016-06-26T06:23:10.947Z"}
{"level":"info","message":"api endpoint called: /api/v1/getNutrition?foodItem=rice","timestamp":"2016-06-26T06:23:39.309Z"}
{"level":"info","message":"api endpoint called: /api/v1/providers","timestamp":"2016-06-26T06:23:44.764Z"}
{"level":"info","message":"api endpoint called: /api/v1/striivKinesis","timestamp":"2016-06-26T06:23:59.983Z"}
{"level":"info","message":"api endpoint called: /api/v1/rules","timestamp":"2016-06-26T06:25:20.195Z"}
{"level":"error","message":"ResourceNotFoundException","timestamp":"2016-06-26T06:25:20.748Z"}
{"level":"error","message":" Dynamodb scan Error","timestamp":"2016-06-26T06:25:20.748Z"}
{"level":"info","message":"[utils] Generating error json for DynamoDBErrorResourceNotFoundExceptionRequested resource not found","timestamp":"2016-06-26T06:25:20.748Z"}
{"level":"error","message":"ResourceNotFoundException","timestamp":"2016-06-26T06:25:20.748Z"}
{"level":"error","message":"{\"name\":\"DynamoDBError\",\"statusCode\":\"ResourceNotFoundException\",\"message\":\"Requested resource not found\"}","timestamp":"2016-06-26T06:25:20.748Z"}
{"level":"info","message":"[utils] Generating error json for DynamoDBErrorResourceNotFoundExceptionRequested resource not found","timestamp":"2016-06-26T06:25:20.749Z"}
{"level":"info","message":"Cleaning dist folder","timestamp":"2016-06-26T07:42:25.491Z"}
{"level":"info","message":"Build Started","timestamp":"2016-06-26T07:42:46.364Z"}
{"level":"info","message":"Cleaning dist folder","timestamp":"2016-06-26T07:42:46.375Z"}
{"level":"info","message":"Preparing to Publish!!","timestamp":"2016-06-26T07:42:46.462Z"}
{"level":"info","message":"Done::::","timestamp":"2016-06-26T07:42:46.491Z"}
{"level":"info","message":"[server] server started","timestamp":"2016-06-26T12:48:37.948Z"}
{"level":"info","message":"[server] Started development server...","timestamp":"2016-06-26T12:48:37.949Z"}
{"level":"info","message":"[server] Listening at http://0.0.0.0:8080","timestamp":"2016-06-26T12:48:37.949Z"}
{"level":"info","message":"[utils] Checking DB connection (DynamoDB)","timestamp":"2016-06-26T12:48:37.950Z"}
{"level":"info","message":"[db] fetching tables list","timestamp":"2016-06-26T12:48:37.950Z"}
{"level":"info","message":"[utils] Successfully connected to DB. There are total of 2 tables","timestamp":"2016-06-26T12:48:38.599Z"}
{"level":"info","message":"api endpoint called: /api/v1/striivKinesis","timestamp":"2016-06-26T12:51:05.716Z"}
{"level":"info","message":"api endpoint called: /api/v1/striivKinesis","timestamp":"2016-06-26T12:51:35.146Z"}
{"level":"info","message":"[server] server started","timestamp":"2016-06-26T13:24:58.894Z"}
{"level":"info","message":"[server] Started development server...","timestamp":"2016-06-26T13:24:58.896Z"}
{"level":"info","message":"[server] Listening at http://0.0.0.0:8080","timestamp":"2016-06-26T13:24:58.896Z"}
{"level":"info","message":"[utils] Checking DB connection (DynamoDB)","timestamp":"2016-06-26T13:24:58.896Z"}
{"level":"info","message":"[db] fetching tables list","timestamp":"2016-06-26T13:24:58.896Z"}
{"level":"info","message":"[utils] Successfully connected to DB. There are total of 2 tables","timestamp":"2016-06-26T13:24:59.686Z"}
{"level":"info","message":"api endpoint called: /api/v1/getStriivKinesis","timestamp":"2016-06-26T13:25:21.358Z"}
{"level":"info","message":"[server] server started","timestamp":"2016-06-26T13:28:04.039Z"}
{"level":"info","message":"[server] Started development server...","timestamp":"2016-06-26T13:28:04.041Z"}
{"level":"info","message":"[server] Listening at http://0.0.0.0:8080","timestamp":"2016-06-26T13:28:04.041Z"}
{"level":"info","message":"[utils] Checking DB connection (DynamoDB)","timestamp":"2016-06-26T13:28:04.041Z"}
{"level":"info","message":"[db] fetching tables list","timestamp":"2016-06-26T13:28:04.042Z"}
{"level":"info","message":"[utils] Successfully connected to DB. There are total of 2 tables","timestamp":"2016-06-26T13:28:04.550Z"}
{"level":"info","message":"api endpoint called: /api/v1/getStriivKinesis","timestamp":"2016-06-26T13:28:09.684Z"}
{"level":"info","message":"[server] server started","timestamp":"2016-06-26T13:28:56.001Z"}
{"level":"info","message":"[server] Started development server...","timestamp":"2016-06-26T13:28:56.003Z"}
{"level":"info","message":"[server] Listening at http://0.0.0.0:8080","timestamp":"2016-06-26T13:28:56.003Z"}
{"level":"info","message":"[utils] Checking DB connection (DynamoDB)","timestamp":"2016-06-26T13:28:56.003Z"}
{"level":"info","message":"[db] fetching tables list","timestamp":"2016-06-26T13:28:56.003Z"}
{"level":"info","message":"[utils] Successfully connected to DB. There are total of 2 tables","timestamp":"2016-06-26T13:28:56.446Z"}
{"level":"info","message":"api endpoint called: /api/v1/getStriivKinesis","timestamp":"2016-06-26T13:29:01.178Z"}
{"level":"info","message":"[server] server started","timestamp":"2016-06-26T13:32:10.723Z"}
{"level":"info","message":"[server] Started development server...","timestamp":"2016-06-26T13:32:10.725Z"}
{"level":"info","message":"[server] Listening at http://0.0.0.0:8080","timestamp":"2016-06-26T13:32:10.725Z"}
{"level":"info","message":"[utils] Checking DB connection (DynamoDB)","timestamp":"2016-06-26T13:32:10.725Z"}
{"level":"info","message":"[db] fetching tables list","timestamp":"2016-06-26T13:32:10.725Z"}
{"level":"info","message":"[utils] Successfully connected to DB. There are total of 2 tables","timestamp":"2016-06-26T13:32:11.260Z"}
{"level":"info","message":"api endpoint called: /api/v1/getStriivKinesis","timestamp":"2016-06-26T13:32:16.865Z"}
{"level":"info","message":"[server] server started","timestamp":"2016-06-26T13:33:21.976Z"}
{"level":"info","message":"[server] Started development server...","timestamp":"2016-06-26T13:33:21.977Z"}
{"level":"info","message":"[server] Listening at http://0.0.0.0:8080","timestamp":"2016-06-26T13:33:21.978Z"}
{"level":"info","message":"[utils] Checking DB connection (DynamoDB)","timestamp":"2016-06-26T13:33:21.978Z"}
{"level":"info","message":"[db] fetching tables list","timestamp":"2016-06-26T13:33:21.978Z"}
{"level":"info","message":"[utils] Successfully connected to DB. There are total of 2 tables","timestamp":"2016-06-26T13:33:22.504Z"}
{"level":"info","message":"api endpoint called: /api/v1/getStriivKinesis","timestamp":"2016-06-26T13:33:27.990Z"}
{"level":"info","message":"[server] server started","timestamp":"2016-06-26T13:48:36.030Z"}
{"level":"info","message":"[server] Started development server...","timestamp":"2016-06-26T13:48:36.032Z"}
{"level":"info","message":"[server] Listening at http://0.0.0.0:8080","timestamp":"2016-06-26T13:48:36.032Z"}
{"level":"info","message":"[utils] Checking DB connection (DynamoDB)","timestamp":"2016-06-26T13:48:36.032Z"}
{"level":"info","message":"[db] fetching tables list","timestamp":"2016-06-26T13:48:36.033Z"}
{"level":"info","message":"[utils] Successfully connected to DB. There are total of 2 tables","timestamp":"2016-06-26T13:48:36.545Z"}
{"level":"info","message":"api endpoint called: /api/v1/getStriivKinesis","timestamp":"2016-06-26T13:48:41.039Z"}
{"level":"info","message":"[server] server started","timestamp":"2016-06-26T13:50:38.829Z"}
{"level":"info","message":"[server] Started development server...","timestamp":"2016-06-26T13:50:38.830Z"}
{"level":"info","message":"[server] Listening at http://0.0.0.0:8080","timestamp":"2016-06-26T13:50:38.830Z"}
{"level":"info","message":"[utils] Checking DB connection (DynamoDB)","timestamp":"2016-06-26T13:50:38.831Z"}
{"level":"info","message":"[db] fetching tables list","timestamp":"2016-06-26T13:50:38.831Z"}
{"level":"info","message":"[utils] Successfully connected to DB. There are total of 2 tables","timestamp":"2016-06-26T13:50:39.334Z"}
{"level":"info","message":"api endpoint called: /api/v1/getStriivKinesis","timestamp":"2016-06-26T13:50:42.374Z"}
{"level":"info","message":"[server] server started","timestamp":"2016-06-26T13:52:06.850Z"}
{"level":"info","message":"[server] Started development server...","timestamp":"2016-06-26T13:52:06.852Z"}
{"level":"info","message":"[server] Listening at http://0.0.0.0:8080","timestamp":"2016-06-26T13:52:06.852Z"}
{"level":"info","message":"[utils] Checking DB connection (DynamoDB)","timestamp":"2016-06-26T13:52:06.852Z"}
{"level":"info","message":"[db] fetching tables list","timestamp":"2016-06-26T13:52:06.853Z"}
{"level":"info","message":"[utils] Successfully connected to DB. There are total of 2 tables","timestamp":"2016-06-26T13:52:07.376Z"}
{"level":"info","message":"api endpoint called: /api/v1/getStriivKinesis","timestamp":"2016-06-26T13:52:13.272Z"}
{"level":"info","message":"[server] server started","timestamp":"2016-06-26T13:54:14.044Z"}
{"level":"info","message":"[server] Started development server...","timestamp":"2016-06-26T13:54:14.046Z"}
{"level":"info","message":"[server] Listening at http://0.0.0.0:8080","timestamp":"2016-06-26T13:54:14.046Z"}
{"level":"info","message":"[utils] Checking DB connection (DynamoDB)","timestamp":"2016-06-26T13:54:14.046Z"}
{"level":"info","message":"[db] fetching tables list","timestamp":"2016-06-26T13:54:14.047Z"}
{"level":"info","message":"[utils] Successfully connected to DB. There are total of 2 tables","timestamp":"2016-06-26T13:54:14.564Z"}
{"level":"info","message":"api endpoint called: /api/v1/getStriivKinesis","timestamp":"2016-06-26T13:54:18.935Z"}
{"level":"info","message":"[server] server started","timestamp":"2016-06-26T13:55:20.800Z"}
{"level":"info","message":"[server] Started development server...","timestamp":"2016-06-26T13:55:20.801Z"}
{"level":"info","message":"[server] Listening at http://0.0.0.0:8080","timestamp":"2016-06-26T13:55:20.801Z"}
{"level":"info","message":"[utils] Checking DB connection (DynamoDB)","timestamp":"2016-06-26T13:55:20.802Z"}
{"level":"info","message":"[db] fetching tables list","timestamp":"2016-06-26T13:55:20.802Z"}
{"level":"info","message":"[utils] Successfully connected to DB. There are total of 2 tables","timestamp":"2016-06-26T13:55:21.364Z"}
{"level":"info","message":"api endpoint called: /api/v1/getStriivKinesis","timestamp":"2016-06-26T13:55:24.595Z"}
{"level":"info","message":"api endpoint called: /api/v1/getStriivKinesis","timestamp":"2016-06-26T13:55:50.459Z"}
{"level":"info","message":"[server] server started","timestamp":"2016-06-26T13:56:02.466Z"}
{"level":"info","message":"[server] Started development server...","timestamp":"2016-06-26T13:56:02.467Z"}
{"level":"info","message":"[server] Listening at http://0.0.0.0:8080","timestamp":"2016-06-26T13:56:02.467Z"}
{"level":"info","message":"[utils] Checking DB connection (DynamoDB)","timestamp":"2016-06-26T13:56:02.468Z"}
{"level":"info","message":"[db] fetching tables list","timestamp":"2016-06-26T13:56:02.468Z"}
{"level":"info","message":"[utils] Successfully connected to DB. There are total of 2 tables","timestamp":"2016-06-26T13:56:02.928Z"}
{"level":"info","message":"api endpoint called: /api/v1/getStriivKinesis","timestamp":"2016-06-26T13:56:07.479Z"}
{"level":"info","message":"[server] server started","timestamp":"2016-06-26T14:00:43.549Z"}
{"level":"info","message":"[server] Started development server...","timestamp":"2016-06-26T14:00:43.550Z"}
{"level":"info","message":"[server] Listening at http://0.0.0.0:8080","timestamp":"2016-06-26T14:00:43.550Z"}
{"level":"info","message":"[utils] Checking DB connection (DynamoDB)","timestamp":"2016-06-26T14:00:43.551Z"}
{"level":"info","message":"[db] fetching tables list","timestamp":"2016-06-26T14:00:43.551Z"}
{"level":"info","message":"[utils] Successfully connected to DB. There are total of 2 tables","timestamp":"2016-06-26T14:00:44.485Z"}
{"level":"info","message":"api endpoint called: /api/v1/getStriivKinesis","timestamp":"2016-06-26T14:00:51.000Z"}
{"level":"info","message":"[server] server started","timestamp":"2016-06-26T14:01:26.017Z"}
{"level":"info","message":"[server] Started development server...","timestamp":"2016-06-26T14:01:26.019Z"}
{"level":"info","message":"[server] Listening at http://0.0.0.0:8080","timestamp":"2016-06-26T14:01:26.019Z"}
{"level":"info","message":"[utils] Checking DB connection (DynamoDB)","timestamp":"2016-06-26T14:01:26.020Z"}
{"level":"info","message":"[db] fetching tables list","timestamp":"2016-06-26T14:01:26.020Z"}
{"level":"info","message":"[utils] Successfully connected to DB. There are total of 2 tables","timestamp":"2016-06-26T14:01:26.471Z"}
{"level":"info","message":"api endpoint called: /api/v1/getStriivKinesis","timestamp":"2016-06-26T14:01:31.127Z"}
{"level":"info","message":"[server] server started","timestamp":"2016-06-26T14:01:46.595Z"}
{"level":"info","message":"[server] Started development server...","timestamp":"2016-06-26T14:01:46.597Z"}
{"level":"info","message":"[server] Listening at http://0.0.0.0:8080","timestamp":"2016-06-26T14:01:46.597Z"}
{"level":"info","message":"[utils] Checking DB connection (DynamoDB)","timestamp":"2016-06-26T14:01:46.598Z"}
{"level":"info","message":"[db] fetching tables list","timestamp":"2016-06-26T14:01:46.598Z"}
{"level":"info","message":"[utils] Successfully connected to DB. There are total of 2 tables","timestamp":"2016-06-26T14:01:47.126Z"}
{"level":"info","message":"api endpoint called: /api/v1/getStriivKinesis","timestamp":"2016-06-26T14:01:51.033Z"}
{"level":"info","message":"[server] server started","timestamp":"2016-06-26T14:02:10.431Z"}
{"level":"info","message":"[server] Started development server...","timestamp":"2016-06-26T14:02:10.433Z"}
{"level":"info","message":"[server] Listening at http://0.0.0.0:8080","timestamp":"2016-06-26T14:02:10.433Z"}
{"level":"info","message":"[utils] Checking DB connection (DynamoDB)","timestamp":"2016-06-26T14:02:10.433Z"}
{"level":"info","message":"[db] fetching tables list","timestamp":"2016-06-26T14:02:10.434Z"}
{"level":"info","message":"[utils] Successfully connected to DB. There are total of 2 tables","timestamp":"2016-06-26T14:02:10.880Z"}
{"level":"info","message":"api endpoint called: /api/v1/getStriivKinesis","timestamp":"2016-06-26T14:02:22.674Z"}
{"level":"info","message":"[server] server started","timestamp":"2016-06-26T14:07:19.502Z"}
{"level":"info","message":"[server] Started development server...","timestamp":"2016-06-26T14:07:19.503Z"}
{"level":"info","message":"[server] Listening at http://0.0.0.0:8080","timestamp":"2016-06-26T14:07:19.504Z"}
{"level":"info","message":"[utils] Checking DB connection (DynamoDB)","timestamp":"2016-06-26T14:07:19.504Z"}
{"level":"info","message":"[db] fetching tables list","timestamp":"2016-06-26T14:07:19.504Z"}
{"level":"info","message":"[utils] Successfully connected to DB. There are total of 2 tables","timestamp":"2016-06-26T14:07:21.039Z"}
{"level":"info","message":"api endpoint called: /api/v1/getStriivKinesis","timestamp":"2016-06-26T14:07:25.081Z"}
{"level":"info","message":"[server] server started","timestamp":"2016-06-26T14:11:26.713Z"}
{"level":"info","message":"[server] Started development server...","timestamp":"2016-06-26T14:11:26.715Z"}
{"level":"info","message":"[server] Listening at http://0.0.0.0:8080","timestamp":"2016-06-26T14:11:26.715Z"}
{"level":"info","message":"[utils] Checking DB connection (DynamoDB)","timestamp":"2016-06-26T14:11:26.715Z"}
{"level":"info","message":"[db] fetching tables list","timestamp":"2016-06-26T14:11:26.715Z"}
{"level":"info","message":"[utils] Successfully connected to DB. There are total of 2 tables","timestamp":"2016-06-26T14:11:27.370Z"}
{"level":"info","message":"api endpoint called: /api/v1/getStriivKinesis","timestamp":"2016-06-26T14:11:30.299Z"}
{"level":"info","message":"[server] server started","timestamp":"2016-06-26T14:16:24.763Z"}
{"level":"info","message":"[server] Started development server...","timestamp":"2016-06-26T14:16:24.765Z"}
{"level":"info","message":"[server] Listening at http://0.0.0.0:8080","timestamp":"2016-06-26T14:16:24.765Z"}
{"level":"info","message":"[utils] Checking DB connection (DynamoDB)","timestamp":"2016-06-26T14:16:24.766Z"}
{"level":"info","message":"[db] fetching tables list","timestamp":"2016-06-26T14:16:24.766Z"}
{"level":"info","message":"[utils] Successfully connected to DB. There are total of 2 tables","timestamp":"2016-06-26T14:16:25.341Z"}
{"level":"info","message":"api endpoint called: /api/v1/getStriivKinesis","timestamp":"2016-06-26T14:16:31.865Z"}
{"level":"info","message":"[server] server started","timestamp":"2016-06-26T14:17:19.849Z"}
{"level":"info","message":"[server] Started development server...","timestamp":"2016-06-26T14:17:19.851Z"}
{"level":"info","message":"[server] Listening at http://0.0.0.0:8080","timestamp":"2016-06-26T14:17:19.851Z"}
{"level":"info","message":"[utils] Checking DB connection (DynamoDB)","timestamp":"2016-06-26T14:17:19.851Z"}
{"level":"info","message":"[db] fetching tables list","timestamp":"2016-06-26T14:17:19.852Z"}
{"level":"info","message":"[utils] Successfully connected to DB. There are total of 2 tables","timestamp":"2016-06-26T14:17:20.355Z"}
{"level":"info","message":"api endpoint called: /api/v1/getStriivKinesis","timestamp":"2016-06-26T14:17:27.436Z"}
{"level":"info","message":"[server] server started","timestamp":"2016-06-26T15:16:05.313Z"}
{"level":"info","message":"[server] Started development server...","timestamp":"2016-06-26T15:16:05.315Z"}
{"level":"info","message":"[server] Listening at http://0.0.0.0:8080","timestamp":"2016-06-26T15:16:05.316Z"}
{"level":"info","message":"[utils] Checking DB connection (DynamoDB)","timestamp":"2016-06-26T15:16:05.316Z"}
{"level":"info","message":"[db] fetching tables list","timestamp":"2016-06-26T15:16:05.316Z"}
{"level":"info","message":"api endpoint called: /api/v1/getStriivKinesis","timestamp":"2016-06-26T15:16:31.616Z"}
{"level":"info","message":"[server] server started","timestamp":"2016-06-26T15:18:17.055Z"}
{"level":"info","message":"[server] Started development server...","timestamp":"2016-06-26T15:18:17.057Z"}
{"level":"info","message":"[server] Listening at http://0.0.0.0:8080","timestamp":"2016-06-26T15:18:17.057Z"}
{"level":"info","message":"[utils] Checking DB connection (DynamoDB)","timestamp":"2016-06-26T15:18:17.057Z"}
{"level":"info","message":"[db] fetching tables list","timestamp":"2016-06-26T15:18:17.057Z"}
{"level":"info","message":"api endpoint called: /api/v1/getStriivKinesis","timestamp":"2016-06-26T15:18:20.653Z"}
{"level":"info","message":"[server] server started","timestamp":"2016-06-26T15:19:26.773Z"}
{"level":"info","message":"[server] Started development server...","timestamp":"2016-06-26T15:19:26.775Z"}
{"level":"info","message":"[server] Listening at http://0.0.0.0:8080","timestamp":"2016-06-26T15:19:26.775Z"}
{"level":"info","message":"[utils] Checking DB connection (DynamoDB)","timestamp":"2016-06-26T15:19:26.775Z"}
{"level":"info","message":"[db] fetching tables list","timestamp":"2016-06-26T15:19:26.775Z"}
{"level":"info","message":"api endpoint called: /api/v1/getStriivKinesis","timestamp":"2016-06-26T15:19:33.821Z"}
{"level":"info","message":"[server] server started","timestamp":"2016-06-26T15:22:18.419Z"}
{"level":"info","message":"[server] Started development server...","timestamp":"2016-06-26T15:22:18.421Z"}
{"level":"info","message":"[server] Listening at http://0.0.0.0:8080","timestamp":"2016-06-26T15:22:18.421Z"}
{"level":"info","message":"[utils] Checking DB connection (DynamoDB)","timestamp":"2016-06-26T15:22:18.421Z"}
{"level":"info","message":"[db] fetching tables list","timestamp":"2016-06-26T15:22:18.421Z"}
{"level":"info","message":"api endpoint called: /api/v1/getStriivKinesis","timestamp":"2016-06-26T15:22:22.168Z"}
{"level":"info","message":"[server] server started","timestamp":"2016-06-26T15:23:15.167Z"}
{"level":"info","message":"[server] Started development server...","timestamp":"2016-06-26T15:23:15.168Z"}
{"level":"info","message":"[server] Listening at http://0.0.0.0:8080","timestamp":"2016-06-26T15:23:15.169Z"}
{"level":"info","message":"[utils] Checking DB connection (DynamoDB)","timestamp":"2016-06-26T15:23:15.169Z"}
{"level":"info","message":"[db] fetching tables list","timestamp":"2016-06-26T15:23:15.169Z"}
{"level":"info","message":"[utils] Successfully connected to DB. There are total of 3 tables","timestamp":"2016-06-26T15:23:15.643Z"}
{"level":"info","message":"api endpoint called: /api/v1/getStriivKinesis","timestamp":"2016-06-26T15:23:20.678Z"}
{"level":"info","message":"[server] server started","timestamp":"2016-06-26T15:25:31.577Z"}
{"level":"info","message":"[server] Started development server...","timestamp":"2016-06-26T15:25:31.578Z"}
{"level":"info","message":"[server] Listening at http://0.0.0.0:8080","timestamp":"2016-06-26T15:25:31.579Z"}
{"level":"info","message":"[utils] Checking DB connection (DynamoDB)","timestamp":"2016-06-26T15:25:31.579Z"}
{"level":"info","message":"[db] fetching tables list","timestamp":"2016-06-26T15:25:31.579Z"}
{"level":"info","message":"[utils] Successfully connected to DB. There are total of 3 tables","timestamp":"2016-06-26T15:25:32.117Z"}
{"level":"info","message":"api endpoint called: /api/v1/getStriivKinesis","timestamp":"2016-06-26T15:25:34.702Z"}
{"level":"info","message":"api endpoint called: /api/v1/getStriivKinesis","timestamp":"2016-06-26T15:26:22.127Z"}
{"level":"info","message":"[server] server started","timestamp":"2016-06-26T15:26:39.132Z"}
{"level":"info","message":"[server] Started development server...","timestamp":"2016-06-26T15:26:39.134Z"}
{"level":"info","message":"[server] Listening at http://0.0.0.0:8080","timestamp":"2016-06-26T15:26:39.134Z"}
{"level":"info","message":"[utils] Checking DB connection (DynamoDB)","timestamp":"2016-06-26T15:26:39.134Z"}
{"level":"info","message":"[db] fetching tables list","timestamp":"2016-06-26T15:26:39.134Z"}
{"level":"info","message":"[utils] Successfully connected to DB. There are total of 3 tables","timestamp":"2016-06-26T15:26:39.659Z"}
{"level":"info","message":"api endpoint called: /api/v1/getStriivKinesis","timestamp":"2016-06-26T15:26:44.888Z"}
{"level":"info","message":"[server] server started","timestamp":"2016-06-26T15:27:42.424Z"}
{"level":"info","message":"[server] Started development server...","timestamp":"2016-06-26T15:27:42.425Z"}
{"level":"info","message":"[server] Listening at http://0.0.0.0:8080","timestamp":"2016-06-26T15:27:42.425Z"}
{"level":"info","message":"[utils] Checking DB connection (DynamoDB)","timestamp":"2016-06-26T15:27:42.426Z"}
{"level":"info","message":"[db] fetching tables list","timestamp":"2016-06-26T15:27:42.426Z"}
{"level":"info","message":"[utils] Successfully connected to DB. There are total of 3 tables","timestamp":"2016-06-26T15:27:42.997Z"}
{"level":"info","message":"api endpoint called: /api/v1/getStriivKinesis","timestamp":"2016-06-26T15:27:47.428Z"}
{"level":"info","message":"[server] server started","timestamp":"2016-06-26T15:30:18.733Z"}
{"level":"info","message":"[server] Started development server...","timestamp":"2016-06-26T15:30:18.735Z"}
{"level":"info","message":"[server] Listening at http://0.0.0.0:8080","timestamp":"2016-06-26T15:30:18.735Z"}
{"level":"info","message":"[utils] Checking DB connection (DynamoDB)","timestamp":"2016-06-26T15:30:18.735Z"}
{"level":"info","message":"[db] fetching tables list","timestamp":"2016-06-26T15:30:18.735Z"}
{"level":"info","message":"[utils] Successfully connected to DB. There are total of 3 tables","timestamp":"2016-06-26T15:30:19.297Z"}
{"level":"info","message":"api endpoint called: /api/v1/getStriivKinesis","timestamp":"2016-06-26T15:30:21.730Z"}
{"level":"info","message":"[server] server started","timestamp":"2016-06-26T15:30:51.121Z"}
{"level":"info","message":"[server] Started development server...","timestamp":"2016-06-26T15:30:51.122Z"}
{"level":"info","message":"[server] Listening at http://0.0.0.0:8080","timestamp":"2016-06-26T15:30:51.122Z"}
{"level":"info","message":"[utils] Checking DB connection (DynamoDB)","timestamp":"2016-06-26T15:30:51.123Z"}
{"level":"info","message":"[db] fetching tables list","timestamp":"2016-06-26T15:30:51.123Z"}
{"level":"info","message":"[utils] Successfully connected to DB. There are total of 3 tables","timestamp":"2016-06-26T15:30:51.589Z"}
{"level":"info","message":"api endpoint called: /api/v1/getStriivKinesis","timestamp":"2016-06-26T15:30:54.203Z"}
{"level":"info","message":"[server] server started","timestamp":"2016-06-26T15:33:31.409Z"}
{"level":"info","message":"[server] Started development server...","timestamp":"2016-06-26T15:33:31.411Z"}
{"level":"info","message":"[server] Listening at http://0.0.0.0:8080","timestamp":"2016-06-26T15:33:31.411Z"}
{"level":"info","message":"[utils] Checking DB connection (DynamoDB)","timestamp":"2016-06-26T15:33:31.412Z"}
{"level":"info","message":"[db] fetching tables list","timestamp":"2016-06-26T15:33:31.412Z"}
{"level":"info","message":"[utils] Successfully connected to DB. There are total of 3 tables","timestamp":"2016-06-26T15:33:31.949Z"}
{"level":"info","message":"api endpoint called: /api/v1/getStriivKinesis","timestamp":"2016-06-26T15:33:35.591Z"}
{"level":"info","message":"[server] server started","timestamp":"2016-06-26T15:34:16.418Z"}
{"level":"info","message":"[server] Started development server...","timestamp":"2016-06-26T15:34:16.420Z"}
{"level":"info","message":"[server] Listening at http://0.0.0.0:8080","timestamp":"2016-06-26T15:34:16.420Z"}
{"level":"info","message":"[utils] Checking DB connection (DynamoDB)","timestamp":"2016-06-26T15:34:16.420Z"}
{"level":"info","message":"[db] fetching tables list","timestamp":"2016-06-26T15:34:16.420Z"}
{"level":"info","message":"[utils] Successfully connected to DB. There are total of 3 tables","timestamp":"2016-06-26T15:34:16.883Z"}
{"level":"info","message":"api endpoint called: /api/v1/getStriivKinesis","timestamp":"2016-06-26T15:34:19.248Z"}
{"level":"info","message":"[server] server started","timestamp":"2016-06-26T15:35:07.475Z"}
{"level":"info","message":"[server] Started development server...","timestamp":"2016-06-26T15:35:07.477Z"}
{"level":"info","message":"[server] Listening at http://0.0.0.0:8080","timestamp":"2016-06-26T15:35:07.477Z"}
{"level":"info","message":"[utils] Checking DB connection (DynamoDB)","timestamp":"2016-06-26T15:35:07.477Z"}
{"level":"info","message":"[db] fetching tables list","timestamp":"2016-06-26T15:35:07.478Z"}
{"level":"info","message":"[utils] Successfully connected to DB. There are total of 3 tables","timestamp":"2016-06-26T15:35:08.122Z"}
{"level":"info","message":"api endpoint called: /api/v1/getStriivKinesis","timestamp":"2016-06-26T15:35:10.462Z"}
{"level":"info","message":"[server] server started","timestamp":"2016-06-26T15:41:44.916Z"}
{"level":"info","message":"[server] Started development server...","timestamp":"2016-06-26T15:41:44.918Z"}
{"level":"info","message":"[server] Listening at http://0.0.0.0:8080","timestamp":"2016-06-26T15:41:44.918Z"}
{"level":"info","message":"[utils] Checking DB connection (DynamoDB)","timestamp":"2016-06-26T15:41:44.918Z"}
{"level":"info","message":"[db] fetching tables list","timestamp":"2016-06-26T15:41:44.918Z"}
{"level":"info","message":"[utils] Successfully connected to DB. There are total of 3 tables","timestamp":"2016-06-26T15:41:45.486Z"}
{"level":"info","message":"api endpoint called: /api/v1/getStriivKinesis","timestamp":"2016-06-26T15:41:48.957Z"}
{"level":"info","message":"api endpoint called: /api/v1/striivkinesis","timestamp":"2016-06-26T15:42:02.269Z"}
{"level":"info","message":"api endpoint called: /api/v1/getDietHistory","timestamp":"2016-06-26T15:42:26.922Z"}
{"level":"info","message":"[utils] Generating error json for undefined404Missing rules, kindly provide rules.","timestamp":"2016-06-26T15:42:26.924Z"}
{"level":"info","message":"api endpoint called: /api/v1/saveNutrition","timestamp":"2016-06-26T15:43:03.641Z"}
{"level":"info","message":"[utils] Generating error json for undefined404Missing rules, kindly provide rules.","timestamp":"2016-06-26T15:43:03.642Z"}
{"level":"info","message":"api endpoint called: /api/v1/saveNutrition","timestamp":"2016-06-26T15:44:06.959Z"}
{"level":"info","message":"api endpoint called: /api/v1/saveNutrition","timestamp":"2016-06-26T15:45:09.247Z"}
